<?xml version="1.0" encoding="UTF-8"?>
<testng-results ignored="0" total="0" passed="0" failed="0" skipped="0">
  <reporter-output>
  </reporter-output>
  <suite started-at="2023-08-02T12:45:42 MYT" name="Cucumber Test Suite" finished-at="2023-08-02T12:45:42 MYT" duration-ms="6">
    <groups>
    </groups>
    <test started-at="2023-08-02T12:45:42 MYT" name="Cucumber Test" finished-at="2023-08-02T12:45:42 MYT" duration-ms="6">
    </test> <!-- Cucumber Test -->
  </suite> <!-- Cucumber Test Suite -->
</testng-results>
